<?xml version="1.0" encoding="utf-8"?><testsuites name="pytest tests"><testsuite name="pytest" errors="0" failures="0" skipped="0" tests="2" time="1.954" timestamp="2026-09-01T22:13:25.390735+00:00" hostname="agent-env-ba5d29b5-d13c-435a-9ea0-9f84fe65cf5f"><testcase classname="tests.test_campaign_review" name="test_scenarios_and_update_persistence_restore" time="1.080" /><testcase classname="tests.test_campaign_review" name="test_collaborator_cannot_invite" time="0.552" /></testsuite></testsuites>